Watching for changes in /Users/acabraal/anitgravity/aurora-docs/assets/{css,data}, /Users/acabraal/anitgravity/aurora-docs/content/{animations,atoms,components,docs,forms,...}, /Users/acabraal/anitgravity/aurora-docs/layouts/{_default,icons,page-templates,partials,shortcodes,...}, /Users/acabraal/anitgravity/aurora-docs/static/{css,icons,images,js}
Watching for config changes in /Users/acabraal/anitgravity/aurora-docs/hugo.toml
Start building sites … 
hugo v0.154.0+extended+withdeploy darwin/amd64 BuildDate=2025-12-31T12:45:55Z VendorInfo=Homebrew

WARN  found no layout file for "searchjson" for kind "home": You should create a template file which matches Hugo Layouts Lookup Rules for this combination.

                  │ EN  
──────────────────┼─────
 Pages            │ 156 
 Paginator pages  │   0 
 Non-page files   │   0 
 Static files     │ 149 
 Processed images │   0 
 Aliases          │   0 
 Cleaned          │   0 

Built in 126 ms
Environment: "development"
Serving pages from disk
Running in Fast Render Mode. For full rebuilds on change: hugo server --disableFastRender
Web Server is available at http://localhost:1313/aurora-docs/ (bind address 0.0.0.0) 
Press Ctrl+C to stop

Change detected, rebuilding site (#1).
2026-03-10 21:55:47.563 +0000
Template changed /index.searchjson.txt
Template added /index.txt
WARN  found no layout file for "searchjson" for kind "home": You should create a template file which matches Hugo Layouts Lookup Rules for this combination.
Web Server is available at http://localhost:1313/aurora-docs/ (bind address 0.0.0.0)
Total in 16 ms

Change of config file detected, rebuilding site (#2).
2026-03-10 21:56:19.562 +0000
WARN  found no layout file for "searchjs" for kind "home": You should create a template file which matches Hugo Layouts Lookup Rules for this combination.
Web Server is available at http://localhost:1313/aurora-docs/ (bind address 0.0.0.0)
Rebuilt in 221 ms

Change of config file detected, rebuilding site (#3).
2026-03-10 21:56:31.062 +0000
WARN  found no layout file for "searchjs" for kind "home": You should create a template file which matches Hugo Layouts Lookup Rules for this combination.
Web Server is available at http://localhost:1313/aurora-docs/ (bind address 0.0.0.0)
Rebuilt in 286 ms

Change detected, rebuilding site (#4).
2026-03-10 21:56:39.563 +0000
Template changed /index.txt
Template added /index.searchjs.js
Web Server is available at http://localhost:1313/aurora-docs/ (bind address 0.0.0.0)
Total in 21 ms

Change detected, rebuilding site (#5).
2026-03-10 21:56:52.563 +0000
Template changed /index.searchjs.js
ERROR Rebuild failed: process: "/Users/acabraal/anitgravity/aurora-docs/layouts/index.searchjs.js:6:1": parse of template failed illegal number syntax: "-"
Web Server is available at http://localhost:1313/aurora-docs/ (bind address 0.0.0.0)
Total in 7 ms

Change detected, rebuilding site (#6).
2026-03-10 21:57:43.565 +0000
Template changed /index.searchjs.js
ERROR Rebuild failed: process: "/Users/acabraal/anitgravity/aurora-docs/layouts/index.searchjs.js:9:1": parse of template failed illegal number syntax: "-"
Web Server is available at http://localhost:1313/aurora-docs/ (bind address 0.0.0.0)
Total in 15 ms

Change detected, rebuilding site (#7).
2026-03-10 21:58:16.565 +0000
Template changed /index.searchjs.js
Template added /index.searchjs.html
Template added /index.searchjs.js
ERROR Rebuild failed: process: parse of template failed illegal number syntax: "-"
Web Server is available at http://localhost:1313/aurora-docs/ (bind address 0.0.0.0)
Total in 14 ms

Change detected, rebuilding site (#8).
2026-03-10 21:58:30.065 +0000
Template changed /index.searchjs.html
Web Server is available at http://localhost:1313/aurora-docs/ (bind address 0.0.0.0)
Total in 6 ms

Change detected, rebuilding site (#9).
2026-03-10 21:59:42.566 +0000
Template changed /index.searchjs.html
Web Server is available at http://localhost:1313/aurora-docs/ (bind address 0.0.0.0)
Total in 6 ms

Change of Static files detected, rebuilding site (#10).
2026-03-10 22:01:04.068 +0000
Syncing /js/components/command-palette.js to /

Change of Static files detected, rebuilding site (#11).
2026-03-10 22:01:14.067 +0000
Syncing /js/components/command-palette.js to /

Change detected, rebuilding site (#12).
2026-03-10 22:01:26.069 +0000
Template changed /_default/baseof.html
Web Server is available at http://localhost:1313/aurora-docs/ (bind address 0.0.0.0)
Total in 11 ms

Change detected, rebuilding site (#13).
2026-03-10 22:03:38.582 +0000
Template changed /index.searchjs.html
Template changed /index.searchjs.js
ERROR Rebuild failed: logged 3 error(s)
Web Server is available at http://localhost:1313/aurora-docs/ (bind address 0.0.0.0)
Total in 17 ms

Change detected, rebuilding site (#14).
2026-03-10 22:05:35.073 +0000
Template changed /index.searchjs.js
ERROR Rebuild failed: process: "/Users/acabraal/anitgravity/aurora-docs/layouts/index.searchjs.js:10:1": parse of template failed undefined variable "$index"
Web Server is available at http://localhost:1313/aurora-docs/ (bind address 0.0.0.0)
Total in 5 ms

Change detected, rebuilding site (#15).
2026-03-10 22:06:29.579 +0000
Template changed /index.searchjs.js
ERROR Rebuild failed: process: "/Users/acabraal/anitgravity/aurora-docs/layouts/index.searchjs.js:11:1": parse of template failed illegal number syntax: "-"
Web Server is available at http://localhost:1313/aurora-docs/ (bind address 0.0.0.0)
Total in 5 ms

Change detected, rebuilding site (#16).
2026-03-10 22:07:05.073 +0000
Template changed /index.searchjs.js
Template changed /index.searchjs.js
Web Server is available at http://localhost:1313/aurora-docs/ (bind address 0.0.0.0)
Total in 5 ms

Change of config file detected, rebuilding site (#17).
2026-03-10 22:07:30.215 +0000
Web Server is available at http://localhost:1313/aurora-docs/ (bind address 0.0.0.0)
Rebuilt in 487 ms

Change detected, rebuilding site (#18).
2026-03-10 22:07:50.080 +0000
Template changed /_default/baseof.html
Web Server is available at http://localhost:1313/aurora-docs/ (bind address 0.0.0.0)
Total in 24 ms

Change detected, rebuilding site (#19).
2026-03-10 22:12:05.555 +0000
WARN  "/Users/acabraal/anitgravity/aurora-docs/content/page-templates/app-shell.md:1:1": duplicate menu entry with identifier "App Shell" in menu "main"
Web Server is available at http://localhost:1313/aurora-docs/ (bind address 0.0.0.0)
Rebuilt in 902 ms

Change of config file detected, rebuilding site (#20).
2026-03-10 22:40:57.371 +0000
WARN  "/Users/acabraal/anitgravity/aurora-docs/content/page-templates/app-shell.md:1:1": duplicate menu entry with identifier "App Shell" in menu "main"
Web Server is available at http://localhost:1313/aurora-docs/ (bind address 0.0.0.0)
Rebuilt in 1270 ms

Change detected, rebuilding site (#21).
2026-03-10 22:41:14.871 +0000
Source changed /layouts/_index.md
Source changed /layouts/advanced.md
Source changed /layouts/app-shell.md
Source changed /layouts/auth.md
Source changed /layouts/dashboard.md
Source changed /layouts/magazine.md
Source changed /layouts/masonry-grid.md
Source changed /layouts/pinterest-grid.md
Source changed /molecules/_index.md
Source changed /molecules/feedback.md
Source changed /molecules/feedback/toast.md
Source changed /molecules/tables.md
Source changed /molecules/tooltips.md
Source changed /patterns/_index.md
Source changed /patterns/carousel.md
Source changed /patterns/content-filter.md
Source changed /patterns/empty-states.md
Source changed /patterns/footer.md
Source changed /patterns/hero.md
Source changed /patterns/navigation.md
Source changed /patterns/subgrid.md
Source changed /patterns/wizard.md
WARN  "/Users/acabraal/anitgravity/aurora-docs/content/page-templates/app-shell.md:1:1": duplicate menu entry with identifier "App Shell" in menu "main"
Web Server is available at http://localhost:1313/aurora-docs/ (bind address 0.0.0.0)
Total in 145 ms

Change detected, rebuilding site (#22).
2026-03-10 22:46:21.873 +0000
Template changed /partials/sidebar.html
WARN  "/Users/acabraal/anitgravity/aurora-docs/content/page-templates/app-shell.md:1:1": duplicate menu entry with identifier "App Shell" in menu "main"
Web Server is available at http://localhost:1313/aurora-docs/ (bind address 0.0.0.0)
Total in 119 ms

Change of config file detected, rebuilding site (#23).
2026-03-10 22:46:37.872 +0000
WARN  "/Users/acabraal/anitgravity/aurora-docs/content/page-templates/app-shell.md:1:1": duplicate menu entry with identifier "App Shell" in menu "main"
Web Server is available at http://localhost:1313/aurora-docs/ (bind address 0.0.0.0)
Rebuilt in 1501 ms

Change detected, rebuilding site (#24).
2026-03-10 22:47:07.637 +0000
Source changed /atoms/_index.md
Source changed /components/_index.md
Source changed /forms/_index.md
Source changed /forms/choice-selection/_index.md
Source changed /forms/text-value/_index.md
Source changed /icons/_index.md
Source changed /layouts/_index.md
Source changed /molecules/_index.md
Source changed /overlays/_index.md
Source changed /patterns/_index.md
Source changed /sites/_index.md
WARN  "/Users/acabraal/anitgravity/aurora-docs/content/page-templates/app-shell.md:1:1": duplicate menu entry with identifier "App Shell" in menu "main"
Web Server is available at http://localhost:1313/aurora-docs/ (bind address 0.0.0.0)
Total in 397 ms

Change of config file detected, rebuilding site (#25).
2026-03-10 22:52:25.230 +0000
WARN  "/Users/acabraal/anitgravity/aurora-docs/content/page-templates/app-shell.md:1:1": duplicate menu entry with identifier "App Shell" in menu "main"
Web Server is available at http://localhost:1313/aurora-docs/ (bind address 0.0.0.0)
Rebuilt in 1227 ms

Change detected, rebuilding site (#26).
2026-03-10 23:04:07.380 +0000
Template changed /_default/baseof.html
WARN  "/Users/acabraal/anitgravity/aurora-docs/content/page-templates/app-shell.md:1:1": duplicate menu entry with identifier "App Shell" in menu "main"
Web Server is available at http://localhost:1313/aurora-docs/ (bind address 0.0.0.0)
Total in 146 ms

Change detected, rebuilding site (#27).
2026-03-10 23:04:48.381 +0000
Template changed /_default/baseof.html
WARN  "/Users/acabraal/anitgravity/aurora-docs/content/page-templates/app-shell.md:1:1": duplicate menu entry with identifier "App Shell" in menu "main"
Web Server is available at http://localhost:1313/aurora-docs/ (bind address 0.0.0.0)
Total in 131 ms

Change detected, rebuilding site (#28).
2026-03-10 23:05:01.881 +0000
Template changed /partials/sidebar.html
WARN  "/Users/acabraal/anitgravity/aurora-docs/content/page-templates/app-shell.md:1:1": duplicate menu entry with identifier "App Shell" in menu "main"
Web Server is available at http://localhost:1313/aurora-docs/ (bind address 0.0.0.0)
Total in 135 ms

Change detected, rebuilding site (#29).
2026-03-10 23:06:32.882 +0000
Template changed /_default/baseof.html
WARN  "/Users/acabraal/anitgravity/aurora-docs/content/page-templates/app-shell.md:1:1": duplicate menu entry with identifier "App Shell" in menu "main"
Web Server is available at http://localhost:1313/aurora-docs/ (bind address 0.0.0.0)
Total in 166 ms
adding created directory to watchlist /Users/acabraal/anitgravity/aurora-docs/content/archetypes

Change detected, rebuilding site (#30).
2026-03-10 23:30:10.886 +0000
Source changed /layouts/_index.md
Source changed /archetypes/_index.md
Source changed /archetypes/advanced.md
Source changed /archetypes/app-shell.md
Source changed /archetypes/auth.md
Source changed /archetypes/dashboard.md
Source changed /archetypes/magazine.md
Source changed /archetypes/masonry-grid.md
Source changed /archetypes/pinterest-grid.md
WARN  "/Users/acabraal/anitgravity/aurora-docs/content/page-templates/app-shell.md:1:1": duplicate menu entry with identifier "App Shell" in menu "main"
Web Server is available at http://localhost:1313/aurora-docs/ (bind address 0.0.0.0)
Total in 94 ms

Change of config file detected, rebuilding site (#31).
2026-03-10 23:30:46.885 +0000
WARN  "/Users/acabraal/anitgravity/aurora-docs/content/page-templates/app-shell.md:1:1": duplicate menu entry with identifier "App Shell" in menu "main"
Web Server is available at http://localhost:1313/aurora-docs/ (bind address 0.0.0.0)
Rebuilt in 1899 ms

Change detected, rebuilding site (#32).
2026-03-10 23:31:03.885 +0000
Source changed /archetypes/advanced.md
Source changed /archetypes/app-shell.md
Source changed /archetypes/auth.md
Source changed /archetypes/dashboard.md
Source changed /archetypes/magazine.md
Source changed /archetypes/masonry-grid.md
Source changed /archetypes/pinterest-grid.md
WARN  "/Users/acabraal/anitgravity/aurora-docs/content/page-templates/app-shell.md:1:1": duplicate menu entry with identifier "App Shell" in menu "main"
Web Server is available at http://localhost:1313/aurora-docs/ (bind address 0.0.0.0)
Total in 69 ms

Change detected, rebuilding site (#33).
2026-03-10 23:31:33.386 +0000
Source changed /page-templates/app-shell.md
Web Server is available at http://localhost:1313/aurora-docs/ (bind address 0.0.0.0)
Total in 36 ms

Change detected, rebuilding site (#34).
2026-03-10 23:36:41.390 +0000
Source changed /archetypes/_index.md
Source changed /archetypes/advanced.md
Source changed /archetypes/app-shell.md
Source changed /archetypes/auth.md
Source changed /archetypes/dashboard.md
Source changed /archetypes/magazine.md
Source changed /archetypes/masonry-grid.md
Source changed /archetypes/pinterest-grid.md
Source changed /layouts/_index.md
Source changed /layouts/advanced.md
Source changed /layouts/app-shell.md
Source changed /layouts/auth.md
Source changed /layouts/dashboard.md
Source changed /layouts/magazine.md
Source changed /layouts/masonry-grid.md
Source changed /layouts/pinterest-grid.md
Web Server is available at http://localhost:1313/aurora-docs/ (bind address 0.0.0.0)
Total in 6 ms

Change detected, rebuilding site (#35).
2026-03-10 23:36:53.887 +0000
Source changed /archetypes/_index.md
Web Server is available at http://localhost:1313/aurora-docs/ (bind address 0.0.0.0)
Total in 135 ms

Change detected, rebuilding site (#36).
2026-03-10 23:36:54.387 +0000
Source changed /archetypes/_index.md
Web Server is available at http://localhost:1313/aurora-docs/ (bind address 0.0.0.0)
Total in 30 ms

Change detected, rebuilding site (#37).
2026-03-10 23:37:04.063 +0000
Source changed /archetypes/docs.md
Web Server is available at http://localhost:1313/aurora-docs/ (bind address 0.0.0.0)
Total in 108 ms

Change detected, rebuilding site (#38).
2026-03-10 23:37:05.890 +0000
Source changed /archetypes/ecommerce.md
Web Server is available at http://localhost:1313/aurora-docs/ (bind address 0.0.0.0)
Total in 47 ms

Change detected, rebuilding site (#39).
2026-03-10 23:37:15.388 +0000
Source changed /archetypes/news.md
Web Server is available at http://localhost:1313/aurora-docs/ (bind address 0.0.0.0)
Total in 42 ms

Change detected, rebuilding site (#40).
2026-03-10 23:37:15.887 +0000
Source changed /archetypes/news.md
Web Server is available at http://localhost:1313/aurora-docs/ (bind address 0.0.0.0)
Total in 32 ms

Change detected, rebuilding site (#41).
2026-03-10 23:37:17.388 +0000
Source changed /archetypes/streaming.md
Web Server is available at http://localhost:1313/aurora-docs/ (bind address 0.0.0.0)
Total in 57 ms

Change detected, rebuilding site (#42).
2026-03-10 23:37:27.387 +0000
Source changed /archetypes/gov.md
Web Server is available at http://localhost:1313/aurora-docs/ (bind address 0.0.0.0)
Total in 46 ms

Change detected, rebuilding site (#43).
2026-03-10 23:37:29.387 +0000
Source changed /archetypes/monitoring.md
Web Server is available at http://localhost:1313/aurora-docs/ (bind address 0.0.0.0)
Total in 77 ms

Change detected, rebuilding site (#44).
2026-03-10 23:38:08.388 +0000
Source changed /archetypes/saas.md
Web Server is available at http://localhost:1313/aurora-docs/ (bind address 0.0.0.0)
Total in 78 ms

Change detected, rebuilding site (#45).
2026-03-10 23:38:17.889 +0000
Source changed /page-templates/app-shell.md
ERROR Rebuild failed: assemble: failed to create page from pageMetaSource /page-templates/app-shell: "/Users/acabraal/anitgravity/aurora-docs/content/page-templates/app-shell.md:6:5": [5:5] value is not allowed in this context. map key-value is pre-defined
   2 | layout_name: "App Shell"
   3 | layout_type: "app-shell"
   4 | description: "Fixed height viewport. The Header and Nav stay fixed while the Main content area scrolls independently."
>  5 |     identifier: "template-app-shell"
           ^
   6 | menu:
   7 |   main:
   8 |     parent: "page-layouts"
Web Server is available at http://localhost:1313/aurora-docs/ (bind address 0.0.0.0)
Total in 3 ms

Change detected, rebuilding site (#46).
2026-03-10 23:38:51.888 +0000
Source changed /page-templates/app-shell.md
ERROR Rebuild failed: logged 1 error(s)
Web Server is available at http://localhost:1313/aurora-docs/ (bind address 0.0.0.0)
Total in 39 ms

Change detected, rebuilding site (#47).
2026-03-10 23:41:48.384 +0000
Source changed /page-templates/app-shell.md
ERROR Rebuild failed: logged 2 error(s)
Web Server is available at http://localhost:1313/aurora-docs/ (bind address 0.0.0.0)
Total in 30 ms
